<?xml version="1.0" encoding="UTF-8"?>
<!-- Generated by org.testng.reporters.JUnitXMLReporter -->
<testsuite ignored="0" hostname="Ingc-PC" failures="0" tests="5" name="Command line test" time="8.567" errors="0" timestamp="2025-09-24T14:28:51 MSK">
  <testcase classname="org.example.educationPage.CheckingEducationPageTests" name="checkFifthPoint" time="0.659"/>
  <testcase classname="org.example.educationPage.CheckingEducationPageTests" name="checkFourthPoint" time="0.352"/>
  <testcase classname="org.example.educationPage.CheckingEducationPageTests" name="checkMainPoint" time="0.795"/>
  <testcase classname="org.example.educationPage.CheckingEducationPageTests" name="checkSecondPoint" time="0.229"/>
  <testcase classname="org.example.educationPage.CheckingEducationPageTests" name="checktitle" time="0.024"/>
</testsuite> <!-- Command line test -->
