<?xml version="1.0" encoding="UTF-8"?>
<!-- Generated by org.testng.reporters.JUnitXMLReporter -->
<testsuite ignored="0" hostname="Ingc-PC" failures="0" tests="7" name="Command line test" time="11.54" errors="0" timestamp="2025-08-05T15:58:42 MSK">
  <testcase classname="org.example.CheckingAboutMePage" name="CheckTitleMePage" time="0.008"/>
  <testcase classname="org.example.CheckingAboutMePage" name="CheckingAboutMePoint" time="0.076"/>
  <testcase classname="org.example.CheckingAboutMePage" name="CheckingAllPublicationsPoint" time="0.217"/>
  <testcase classname="org.example.CheckingAboutMePage" name="CheckingContactsPoint" time="1.34"/>
  <testcase classname="org.example.CheckingAboutMePage" name="CheckingEducationPoint" time="0.182"/>
  <testcase classname="org.example.CheckingAboutMePage" name="CheckingHeader" time="0.019"/>
  <testcase classname="org.example.CheckingAboutMePage" name="CheckingMainPoint" time="1.87"/>
</testsuite> <!-- Command line test -->
