<?xml version="1.0" encoding="UTF-8"?>
<testng-results ignored="0" total="5" passed="5" failed="0" skipped="0">
  <reporter-output>
  </reporter-output>
  <suite started-at="2025-09-24T14:28:42 MSK" name="Command line suite" finished-at="2025-09-24T14:28:51 MSK" duration-ms="8567">
    <groups>
    </groups>
    <test started-at="2025-09-24T14:28:42 MSK" name="Command line test" finished-at="2025-09-24T14:28:51 MSK" duration-ms="8567">
      <class name="org.example.educationPage.CheckingEducationPageTests">
        <test-method is-config="true" signature="setUp()[pri:0, instance:org.example.educationPage.CheckingEducationPageTests@47547132]" started-at="2025-09-24T14:28:42 MSK" name="setUp" finished-at="2025-09-24T14:28:44 MSK" duration-ms="1117" status="PASS">
          <reporter-output>
          </reporter-output>
        </test-method> <!-- setUp -->
        <test-method signature="checkFifthPoint()[pri:0, instance:org.example.educationPage.CheckingEducationPageTests@47547132]" started-at="2025-09-24T14:28:44 MSK" name="checkFifthPoint" finished-at="2025-09-24T14:28:44 MSK" duration-ms="659" status="PASS">
          <reporter-output>
          </reporter-output>
        </test-method> <!-- checkFifthPoint -->
        <test-method is-config="true" signature="tearDown()[pri:0, instance:org.example.educationPage.CheckingEducationPageTests@47547132]" started-at="2025-09-24T14:28:44 MSK" name="tearDown" finished-at="2025-09-24T14:28:44 MSK" duration-ms="108" status="PASS">
          <reporter-output>
          </reporter-output>
        </test-method> <!-- tearDown -->
        <test-method is-config="true" signature="setUp()[pri:0, instance:org.example.educationPage.CheckingEducationPageTests@47547132]" started-at="2025-09-24T14:28:44 MSK" name="setUp" finished-at="2025-09-24T14:28:46 MSK" duration-ms="1152" status="PASS">
          <reporter-output>
          </reporter-output>
        </test-method> <!-- setUp -->
        <test-method signature="checkFourthPoint()[pri:0, instance:org.example.educationPage.CheckingEducationPageTests@47547132]" started-at="2025-09-24T14:28:46 MSK" name="checkFourthPoint" finished-at="2025-09-24T14:28:46 MSK" duration-ms="352" status="PASS">
          <reporter-output>
          </reporter-output>
        </test-method> <!-- checkFourthPoint -->
        <test-method is-config="true" signature="tearDown()[pri:0, instance:org.example.educationPage.CheckingEducationPageTests@47547132]" started-at="2025-09-24T14:28:46 MSK" name="tearDown" finished-at="2025-09-24T14:28:46 MSK" duration-ms="87" status="PASS">
          <reporter-output>
          </reporter-output>
        </test-method> <!-- tearDown -->
        <test-method is-config="true" signature="setUp()[pri:0, instance:org.example.educationPage.CheckingEducationPageTests@47547132]" started-at="2025-09-24T14:28:46 MSK" name="setUp" finished-at="2025-09-24T14:28:47 MSK" duration-ms="1241" status="PASS">
          <reporter-output>
          </reporter-output>
        </test-method> <!-- setUp -->
        <test-method signature="checkMainPoint()[pri:0, instance:org.example.educationPage.CheckingEducationPageTests@47547132]" started-at="2025-09-24T14:28:47 MSK" name="checkMainPoint" finished-at="2025-09-24T14:28:48 MSK" duration-ms="795" status="PASS">
          <reporter-output>
          </reporter-output>
        </test-method> <!-- checkMainPoint -->
        <test-method is-config="true" signature="tearDown()[pri:0, instance:org.example.educationPage.CheckingEducationPageTests@47547132]" started-at="2025-09-24T14:28:48 MSK" name="tearDown" finished-at="2025-09-24T14:28:48 MSK" duration-ms="89" status="PASS">
          <reporter-output>
          </reporter-output>
        </test-method> <!-- tearDown -->
        <test-method is-config="true" signature="setUp()[pri:0, instance:org.example.educationPage.CheckingEducationPageTests@47547132]" started-at="2025-09-24T14:28:48 MSK" name="setUp" finished-at="2025-09-24T14:28:49 MSK" duration-ms="1303" status="PASS">
          <reporter-output>
          </reporter-output>
        </test-method> <!-- setUp -->
        <test-method signature="checkSecondPoint()[pri:0, instance:org.example.educationPage.CheckingEducationPageTests@47547132]" started-at="2025-09-24T14:28:49 MSK" name="checkSecondPoint" finished-at="2025-09-24T14:28:50 MSK" duration-ms="229" status="PASS">
          <reporter-output>
          </reporter-output>
        </test-method> <!-- checkSecondPoint -->
        <test-method is-config="true" signature="tearDown()[pri:0, instance:org.example.educationPage.CheckingEducationPageTests@47547132]" started-at="2025-09-24T14:28:50 MSK" name="tearDown" finished-at="2025-09-24T14:28:50 MSK" duration-ms="95" status="PASS">
          <reporter-output>
          </reporter-output>
        </test-method> <!-- tearDown -->
        <test-method is-config="true" signature="setUp()[pri:0, instance:org.example.educationPage.CheckingEducationPageTests@47547132]" started-at="2025-09-24T14:28:50 MSK" name="setUp" finished-at="2025-09-24T14:28:51 MSK" duration-ms="1230" status="PASS">
          <reporter-output>
          </reporter-output>
        </test-method> <!-- setUp -->
        <test-method signature="checktitle()[pri:0, instance:org.example.educationPage.CheckingEducationPageTests@47547132]" started-at="2025-09-24T14:28:51 MSK" name="checktitle" finished-at="2025-09-24T14:28:51 MSK" duration-ms="24" status="PASS">
          <reporter-output>
          </reporter-output>
        </test-method> <!-- checktitle -->
        <test-method is-config="true" signature="tearDown()[pri:0, instance:org.example.educationPage.CheckingEducationPageTests@47547132]" started-at="2025-09-24T14:28:51 MSK" name="tearDown" finished-at="2025-09-24T14:28:51 MSK" duration-ms="83" status="PASS">
          <reporter-output>
          </reporter-output>
        </test-method> <!-- tearDown -->
      </class> <!-- org.example.educationPage.CheckingEducationPageTests -->
    </test> <!-- Command line test -->
  </suite> <!-- Command line suite -->
</testng-results>
