<?xml version="1.0" encoding="UTF-8"?>
<testng-results ignored="0" total="7" passed="7" failed="0" skipped="0">
  <reporter-output>
  </reporter-output>
  <suite started-at="2025-08-05T15:58:30 MSK" name="Command line suite" finished-at="2025-08-05T15:58:42 MSK" duration-ms="11540">
    <groups>
    </groups>
    <test started-at="2025-08-05T15:58:30 MSK" name="Command line test" finished-at="2025-08-05T15:58:42 MSK" duration-ms="11540">
      <class name="org.example.CheckingAboutMePage">
        <test-method is-config="true" signature="setUp()[pri:0, instance:org.example.CheckingAboutMePage@cd2dae5]" started-at="2025-08-05T15:58:30 MSK" name="setUp" finished-at="2025-08-05T15:58:32 MSK" duration-ms="1224" status="PASS">
          <reporter-output>
          </reporter-output>
        </test-method> <!-- setUp -->
        <test-method signature="CheckTitleMePage()[pri:0, instance:org.example.CheckingAboutMePage@cd2dae5]" started-at="2025-08-05T15:58:32 MSK" name="CheckTitleMePage" finished-at="2025-08-05T15:58:32 MSK" duration-ms="8" status="PASS">
          <reporter-output>
          </reporter-output>
        </test-method> <!-- CheckTitleMePage -->
        <test-method is-config="true" signature="tearDown()[pri:0, instance:org.example.CheckingAboutMePage@cd2dae5]" started-at="2025-08-05T15:58:32 MSK" name="tearDown" finished-at="2025-08-05T15:58:32 MSK" duration-ms="111" status="PASS">
          <reporter-output>
          </reporter-output>
        </test-method> <!-- tearDown -->
        <test-method is-config="true" signature="setUp()[pri:0, instance:org.example.CheckingAboutMePage@cd2dae5]" started-at="2025-08-05T15:58:32 MSK" name="setUp" finished-at="2025-08-05T15:58:33 MSK" duration-ms="1021" status="PASS">
          <reporter-output>
          </reporter-output>
        </test-method> <!-- setUp -->
        <test-method signature="CheckingAboutMePoint()[pri:0, instance:org.example.CheckingAboutMePage@cd2dae5]" started-at="2025-08-05T15:58:33 MSK" name="CheckingAboutMePoint" finished-at="2025-08-05T15:58:33 MSK" duration-ms="76" status="PASS">
          <reporter-output>
          </reporter-output>
        </test-method> <!-- CheckingAboutMePoint -->
        <test-method is-config="true" signature="tearDown()[pri:0, instance:org.example.CheckingAboutMePage@cd2dae5]" started-at="2025-08-05T15:58:33 MSK" name="tearDown" finished-at="2025-08-05T15:58:33 MSK" duration-ms="110" status="PASS">
          <reporter-output>
          </reporter-output>
        </test-method> <!-- tearDown -->
        <test-method is-config="true" signature="setUp()[pri:0, instance:org.example.CheckingAboutMePage@cd2dae5]" started-at="2025-08-05T15:58:33 MSK" name="setUp" finished-at="2025-08-05T15:58:34 MSK" duration-ms="972" status="PASS">
          <reporter-output>
          </reporter-output>
        </test-method> <!-- setUp -->
        <test-method signature="CheckingAllPublicationsPoint()[pri:0, instance:org.example.CheckingAboutMePage@cd2dae5]" started-at="2025-08-05T15:58:34 MSK" name="CheckingAllPublicationsPoint" finished-at="2025-08-05T15:58:34 MSK" duration-ms="217" status="PASS">
          <reporter-output>
          </reporter-output>
        </test-method> <!-- CheckingAllPublicationsPoint -->
        <test-method is-config="true" signature="tearDown()[pri:0, instance:org.example.CheckingAboutMePage@cd2dae5]" started-at="2025-08-05T15:58:34 MSK" name="tearDown" finished-at="2025-08-05T15:58:34 MSK" duration-ms="106" status="PASS">
          <reporter-output>
          </reporter-output>
        </test-method> <!-- tearDown -->
        <test-method is-config="true" signature="setUp()[pri:0, instance:org.example.CheckingAboutMePage@cd2dae5]" started-at="2025-08-05T15:58:34 MSK" name="setUp" finished-at="2025-08-05T15:58:35 MSK" duration-ms="955" status="PASS">
          <reporter-output>
          </reporter-output>
        </test-method> <!-- setUp -->
        <test-method signature="CheckingContactsPoint()[pri:0, instance:org.example.CheckingAboutMePage@cd2dae5]" started-at="2025-08-05T15:58:35 MSK" name="CheckingContactsPoint" finished-at="2025-08-05T15:58:37 MSK" duration-ms="1340" status="PASS">
          <reporter-output>
          </reporter-output>
        </test-method> <!-- CheckingContactsPoint -->
        <test-method is-config="true" signature="tearDown()[pri:0, instance:org.example.CheckingAboutMePage@cd2dae5]" started-at="2025-08-05T15:58:37 MSK" name="tearDown" finished-at="2025-08-05T15:58:37 MSK" duration-ms="86" status="PASS">
          <reporter-output>
          </reporter-output>
        </test-method> <!-- tearDown -->
        <test-method is-config="true" signature="setUp()[pri:0, instance:org.example.CheckingAboutMePage@cd2dae5]" started-at="2025-08-05T15:58:37 MSK" name="setUp" finished-at="2025-08-05T15:58:38 MSK" duration-ms="857" status="PASS">
          <reporter-output>
          </reporter-output>
        </test-method> <!-- setUp -->
        <test-method signature="CheckingEducationPoint()[pri:0, instance:org.example.CheckingAboutMePage@cd2dae5]" started-at="2025-08-05T15:58:38 MSK" name="CheckingEducationPoint" finished-at="2025-08-05T15:58:38 MSK" duration-ms="182" status="PASS">
          <reporter-output>
          </reporter-output>
        </test-method> <!-- CheckingEducationPoint -->
        <test-method is-config="true" signature="tearDown()[pri:0, instance:org.example.CheckingAboutMePage@cd2dae5]" started-at="2025-08-05T15:58:38 MSK" name="tearDown" finished-at="2025-08-05T15:58:38 MSK" duration-ms="82" status="PASS">
          <reporter-output>
          </reporter-output>
        </test-method> <!-- tearDown -->
        <test-method is-config="true" signature="setUp()[pri:0, instance:org.example.CheckingAboutMePage@cd2dae5]" started-at="2025-08-05T15:58:38 MSK" name="setUp" finished-at="2025-08-05T15:58:39 MSK" duration-ms="1033" status="PASS">
          <reporter-output>
          </reporter-output>
        </test-method> <!-- setUp -->
        <test-method signature="CheckingHeader()[pri:0, instance:org.example.CheckingAboutMePage@cd2dae5]" started-at="2025-08-05T15:58:39 MSK" name="CheckingHeader" finished-at="2025-08-05T15:58:39 MSK" duration-ms="19" status="PASS">
          <reporter-output>
          </reporter-output>
        </test-method> <!-- CheckingHeader -->
        <test-method is-config="true" signature="tearDown()[pri:0, instance:org.example.CheckingAboutMePage@cd2dae5]" started-at="2025-08-05T15:58:39 MSK" name="tearDown" finished-at="2025-08-05T15:58:39 MSK" duration-ms="103" status="PASS">
          <reporter-output>
          </reporter-output>
        </test-method> <!-- tearDown -->
        <test-method is-config="true" signature="setUp()[pri:0, instance:org.example.CheckingAboutMePage@cd2dae5]" started-at="2025-08-05T15:58:39 MSK" name="setUp" finished-at="2025-08-05T15:58:40 MSK" duration-ms="1019" status="PASS">
          <reporter-output>
          </reporter-output>
        </test-method> <!-- setUp -->
        <test-method signature="CheckingMainPoint()[pri:0, instance:org.example.CheckingAboutMePage@cd2dae5]" started-at="2025-08-05T15:58:40 MSK" name="CheckingMainPoint" finished-at="2025-08-05T15:58:42 MSK" duration-ms="1870" status="PASS">
          <reporter-output>
          </reporter-output>
        </test-method> <!-- CheckingMainPoint -->
        <test-method is-config="true" signature="tearDown()[pri:0, instance:org.example.CheckingAboutMePage@cd2dae5]" started-at="2025-08-05T15:58:42 MSK" name="tearDown" finished-at="2025-08-05T15:58:42 MSK" duration-ms="109" status="PASS">
          <reporter-output>
          </reporter-output>
        </test-method> <!-- tearDown -->
      </class> <!-- org.example.CheckingAboutMePage -->
    </test> <!-- Command line test -->
  </suite> <!-- Command line suite -->
</testng-results>
