<?xml version="1.0" encoding="UTF-8"?>
<!-- Generated by org.testng.reporters.JUnitReportReporter -->
<testsuite hostname="Ingc-PC" failures="0" tests="7" name="org.example.mainPage.CheckingConsultationRequestFormsTests" time="10.603" errors="0" timestamp="2025-09-24T14:28:38 MSK" skipped="0">
  <testcase classname="org.example.mainPage.CheckingConsultationRequestFormsTests" name="CheckingConsultationFormLabel2Element" time="1.550"/>
  <system-out/>
  <testcase classname="org.example.mainPage.CheckingConsultationRequestFormsTests" name="CheckingConsultationFormLabel3Element" time="1.362"/>
  <system-out/>
  <testcase classname="org.example.mainPage.CheckingConsultationRequestFormsTests" name="CheckingConsultationForms" time="1.554"/>
  <system-out/>
  <testcase classname="org.example.mainPage.CheckingConsultationRequestFormsTests" name="CheckingConsultationFormLabel4Element" time="1.544"/>
  <system-out/>
  <testcase classname="org.example.mainPage.CheckingConsultationRequestFormsTests" name="CheckingConsultationFormMessageElement" time="1.431"/>
  <system-out/>
  <testcase classname="org.example.mainPage.CheckingConsultationRequestFormsTests" name="CheckingConsultationForNameValue" time="1.689"/>
  <system-out/>
  <testcase classname="org.example.mainPage.CheckingConsultationRequestFormsTests" name="CheckingConsultationFormLabel" time="1.473"/>
  <system-out/>
</testsuite> <!-- org.example.mainPage.CheckingConsultationRequestFormsTests -->
