<?xml version="1.0" encoding="UTF-8"?>
<!-- Generated by org.testng.reporters.JUnitReportReporter -->
<testsuite hostname="Ingc-PC" failures="1" tests="3" name="org.example.mainPage.CheckingContactFormsTests" time="4.643" errors="0" timestamp="2025-09-24T14:28:42 MSK" skipped="0">
  <testcase classname="org.example.mainPage.CheckingContactFormsTests" name="checkingCFCallMe" time="1.717">
    <failure message="Значение в поле &#039;Позвони мне&#039; не соответствует ожиданию! expected [+7 903 344 89 75] but found [+79274660406]" type="java.lang.AssertionError">
      <![CDATA[java.lang.AssertionError: Значение в поле 'Позвони мне' не соответствует ожиданию! expected [+7 903 344 89 75] but found [+79274660406]
at org.testng.Assert.fail(Assert.java:110)
at org.testng.Assert.failNotEquals(Assert.java:1577)
at org.testng.Assert.assertEqualsImpl(Assert.java:149)
at org.testng.Assert.assertEquals(Assert.java:131)
at org.testng.Assert.assertEquals(Assert.java:655)
at org.example.mainPage.CheckingContactFormsTests.checkingCFCallMe(CheckingContactForms.java:47)
at java.base/jdk.internal.reflect.NativeMethodAccessorImpl.invoke0(Native Method)
at java.base/jdk.internal.reflect.NativeMethodAccessorImpl.invoke(NativeMethodAccessorImpl.java:77)
at java.base/jdk.internal.reflect.DelegatingMethodAccessorImpl.invoke(DelegatingMethodAccessorImpl.java:43)
at java.base/java.lang.reflect.Method.invoke(Method.java:569)
at org.testng.internal.invokers.MethodInvocationHelper.invokeMethod(MethodInvocationHelper.java:139)
at org.testng.internal.invokers.TestInvoker.invokeMethod(TestInvoker.java:677)
at org.testng.internal.invokers.TestInvoker.invokeTestMethod(TestInvoker.java:221)
at org.testng.internal.invokers.MethodRunner.runInSequence(MethodRunner.java:50)
at org.testng.internal.invokers.TestInvoker$MethodInvocationAgent.invoke(TestInvoker.java:969)
at org.testng.internal.invokers.TestInvoker.invokeTestMethods(TestInvoker.java:194)
at org.testng.internal.invokers.TestMethodWorker.invokeTestMethods(TestMethodWorker.java:148)
at org.testng.internal.invokers.TestMethodWorker.run(TestMethodWorker.java:128)
at java.base/java.util.ArrayList.forEach(ArrayList.java:1511)
at org.testng.TestRunner.privateRun(TestRunner.java:829)
at org.testng.TestRunner.run(TestRunner.java:602)
at org.testng.SuiteRunner.runTest(SuiteRunner.java:437)
at org.testng.SuiteRunner.runSequentially(SuiteRunner.java:431)
at org.testng.SuiteRunner.privateRun(SuiteRunner.java:391)
at org.testng.SuiteRunner.run(SuiteRunner.java:330)
at org.testng.SuiteRunnerWorker.runSuite(SuiteRunnerWorker.java:52)
at org.testng.SuiteRunnerWorker.run(SuiteRunnerWorker.java:95)
at org.testng.TestNG.runSuitesSequentially(TestNG.java:1256)
at org.testng.TestNG.runSuitesLocally(TestNG.java:1176)
at org.testng.TestNG.runSuites(TestNG.java:1099)
at org.testng.TestNG.run(TestNG.java:1067)
at org.example.Main.main(Main.java:31)
]]>
    </failure>
  </testcase> <!-- checkingCFCallMe -->
  <system-out/>
  <testcase classname="org.example.mainPage.CheckingContactFormsTests" name="checkingCFLocation" time="1.470"/>
  <system-out/>
  <testcase classname="org.example.mainPage.CheckingContactFormsTests" name="checkingCFMailElement" time="1.456"/>
  <system-out/>
</testsuite> <!-- org.example.mainPage.CheckingContactFormsTests -->
