<?xml version="1.0" encoding="UTF-8"?>
<!-- Generated by org.testng.reporters.JUnitReportReporter -->
<testsuite hostname="Ingc-PC" failures="0" tests="5" name="org.example.educationPage.CheckingEducationPageTests" time="8.564" errors="0" timestamp="2025-09-24T14:28:51 MSK" skipped="0">
  <testcase classname="org.example.educationPage.CheckingEducationPageTests" name="checktitle" time="1.249"/>
  <system-out/>
  <testcase classname="org.example.educationPage.CheckingEducationPageTests" name="checkFifthPoint" time="2.045"/>
  <system-out/>
  <testcase classname="org.example.educationPage.CheckingEducationPageTests" name="checkMainPoint" time="2.112"/>
  <system-out/>
  <testcase classname="org.example.educationPage.CheckingEducationPageTests" name="checkFourthPoint" time="1.688"/>
  <system-out/>
  <testcase classname="org.example.educationPage.CheckingEducationPageTests" name="checkSecondPoint" time="1.470"/>
  <system-out/>
</testsuite> <!-- org.example.educationPage.CheckingEducationPageTests -->
