<?xml version="1.0" encoding="UTF-8"?>
<!-- Generated by org.testng.reporters.JUnitReportReporter -->
<testsuite hostname="Ingc-PC" failures="0" tests="7" name="org.example.CheckingAboutMePage" time="11.792" errors="0" timestamp="2025-09-24T14:28:27 MSK" skipped="0">
  <testcase classname="org.example.CheckingAboutMePage" name="CheckingHeader" time="1.385"/>
  <system-out/>
  <testcase classname="org.example.CheckingAboutMePage" name="CheckingMainPoint" time="2.210"/>
  <system-out/>
  <testcase classname="org.example.CheckingAboutMePage" name="CheckingAboutMePoint" time="1.504"/>
  <system-out/>
  <testcase classname="org.example.CheckingAboutMePage" name="CheckTitleMePage" time="1.465"/>
  <system-out/>
  <testcase classname="org.example.CheckingAboutMePage" name="CheckingContactsPoint" time="2.093"/>
  <system-out/>
  <testcase classname="org.example.CheckingAboutMePage" name="CheckingAllPublicationsPoint" time="1.594"/>
  <system-out/>
  <testcase classname="org.example.CheckingAboutMePage" name="CheckingEducationPoint" time="1.541"/>
  <system-out/>
</testsuite> <!-- org.example.CheckingAboutMePage -->
